app/build/intermediates/manifest_merge_blame_file/debug/processDebugMainManifest/manifest-merger-blame-debug-report.txt
1<?xml version="1.0" encoding="utf-8"?>
2<manifest xmlns:android="http://schemas.android.com/apk/res/android"
3    package="com.wiz.sice"
4    android:versionCode="1"
5    android:versionName="1.0" >
6
7    <uses-sdk
8        android:minSdkVersion="24"
9        android:targetSdkVersion="35" />
10
11    <uses-permission android:name="android.permission.INTERNET" />
11-->src\main\AndroidManifest.xml:5:5-67
11-->src\main\AndroidManifest.xml:5:22-64
12    <uses-permission android:name="android.permission.ACCESS_NETWORK_STATE" />
12-->[com.google.android.libraries.ads.mobile.sdk:ads-mobile-sdk:0.23.0-beta01] AndroidManifest.xml:10:5-79
12-->[com.google.android.libraries.ads.mobile.sdk:ads-mobile-sdk:0.23.0-beta01] AndroidManifest.xml:10:22-76
13    <uses-permission android:name="android.permission.READ_BASIC_PHONE_STATE" />
13-->[com.google.android.libraries.ads.mobile.sdk:ads-mobile-sdk:0.23.0-beta01] AndroidManifest.xml:11:5-81
13-->[com.google.android.libraries.ads.mobile.sdk:ads-mobile-sdk:0.23.0-beta01] AndroidManifest.xml:11:22-78
14    <uses-permission android:name="android.permission.ACCESS_ADSERVICES_TOPICS" />
14-->[com.google.android.libraries.ads.mobile.sdk:ads-mobile-sdk:0.23.0-beta01] AndroidManifest.xml:12:5-83
14-->[com.google.android.libraries.ads.mobile.sdk:ads-mobile-sdk:0.23.0-beta01] AndroidManifest.xml:12:22-80
15    <uses-permission android:name="android.permission.ACCESS_ADSERVICES_AD_ID" />
15-->[com.google.android.libraries.ads.mobile.sdk:ads-mobile-sdk:0.23.0-beta01] AndroidManifest.xml:13:5-82
15-->[com.google.android.libraries.ads.mobile.sdk:ads-mobile-sdk:0.23.0-beta01] AndroidManifest.xml:13:22-79
16    <uses-permission android:name="android.permission.ACCESS_ADSERVICES_ATTRIBUTION" />
16-->[com.google.android.libraries.ads.mobile.sdk:ads-mobile-sdk:0.23.0-beta01] AndroidManifest.xml:14:5-88
16-->[com.google.android.libraries.ads.mobile.sdk:ads-mobile-sdk:0.23.0-beta01] AndroidManifest.xml:14:22-85
17    <uses-permission android:name="com.google.android.gms.permission.AD_ID" /> <!-- Android package visibility setting -->
17-->[com.google.android.libraries.ads.mobile.sdk:ads-mobile-sdk:0.23.0-beta01] AndroidManifest.xml:15:5-79
17-->[com.google.android.libraries.ads.mobile.sdk:ads-mobile-sdk:0.23.0-beta01] AndroidManifest.xml:15:22-76
18    <queries>
18-->[com.google.android.libraries.ads.mobile.sdk:ads-mobile-sdk:0.23.0-beta01] AndroidManifest.xml:21:5-54:15
19
20        <!-- For browser content -->
21        <intent>
21-->[com.google.android.libraries.ads.mobile.sdk:ads-mobile-sdk:0.23.0-beta01] AndroidManifest.xml:24:9-30:18
22            <action android:name="android.intent.action.VIEW" />
22-->[com.google.android.libraries.ads.mobile.sdk:ads-mobile-sdk:0.23.0-beta01] AndroidManifest.xml:25:13-65
22-->[com.google.android.libraries.ads.mobile.sdk:ads-mobile-sdk:0.23.0-beta01] AndroidManifest.xml:25:21-62
23
24            <category android:name="android.intent.category.BROWSABLE" />
24-->[com.google.android.libraries.ads.mobile.sdk:ads-mobile-sdk:0.23.0-beta01] AndroidManifest.xml:27:13-74
24-->[com.google.android.libraries.ads.mobile.sdk:ads-mobile-sdk:0.23.0-beta01] AndroidManifest.xml:27:23-71
25
26            <data android:scheme="https" />
26-->[com.google.android.libraries.ads.mobile.sdk:ads-mobile-sdk:0.23.0-beta01] AndroidManifest.xml:29:13-44
26-->[com.google.android.libraries.ads.mobile.sdk:ads-mobile-sdk:0.23.0-beta01] AndroidManifest.xml:29:19-41
27        </intent>
28        <!-- End of browser content -->
29        <!-- For CustomTabsService -->
30        <intent>
30-->[com.google.android.libraries.ads.mobile.sdk:ads-mobile-sdk:0.23.0-beta01] AndroidManifest.xml:33:9-35:18
31            <action android:name="android.support.customtabs.action.CustomTabsService" />
31-->[com.google.android.libraries.ads.mobile.sdk:ads-mobile-sdk:0.23.0-beta01] AndroidManifest.xml:34:13-90
31-->[com.google.android.libraries.ads.mobile.sdk:ads-mobile-sdk:0.23.0-beta01] AndroidManifest.xml:34:21-87
32        </intent>
33        <!-- End of CustomTabsService -->
34        <!-- For MRAID capabilities -->
35        <intent>
35-->[com.google.android.libraries.ads.mobile.sdk:ads-mobile-sdk:0.23.0-beta01] AndroidManifest.xml:38:9-42:18
36            <action android:name="android.intent.action.INSERT" />
36-->[com.google.android.libraries.ads.mobile.sdk:ads-mobile-sdk:0.23.0-beta01] AndroidManifest.xml:39:13-67
36-->[com.google.android.libraries.ads.mobile.sdk:ads-mobile-sdk:0.23.0-beta01] AndroidManifest.xml:39:21-64
37
38            <data android:mimeType="vnd.android.cursor.dir/event" />
38-->[com.google.android.libraries.ads.mobile.sdk:ads-mobile-sdk:0.23.0-beta01] AndroidManifest.xml:29:13-44
39        </intent>
40        <intent>
40-->[com.google.android.libraries.ads.mobile.sdk:ads-mobile-sdk:0.23.0-beta01] AndroidManifest.xml:43:9-47:18
41            <action android:name="android.intent.action.VIEW" />
41-->[com.google.android.libraries.ads.mobile.sdk:ads-mobile-sdk:0.23.0-beta01] AndroidManifest.xml:25:13-65
41-->[com.google.android.libraries.ads.mobile.sdk:ads-mobile-sdk:0.23.0-beta01] AndroidManifest.xml:25:21-62
42
43            <data android:scheme="sms" />
43-->[com.google.android.libraries.ads.mobile.sdk:ads-mobile-sdk:0.23.0-beta01] AndroidManifest.xml:29:13-44
43-->[com.google.android.libraries.ads.mobile.sdk:ads-mobile-sdk:0.23.0-beta01] AndroidManifest.xml:29:19-41
44        </intent>
45        <intent>
45-->[com.google.android.libraries.ads.mobile.sdk:ads-mobile-sdk:0.23.0-beta01] AndroidManifest.xml:48:9-52:18
46            <action android:name="android.intent.action.DIAL" />
46-->[com.google.android.libraries.ads.mobile.sdk:ads-mobile-sdk:0.23.0-beta01] AndroidManifest.xml:49:13-65
46-->[com.google.android.libraries.ads.mobile.sdk:ads-mobile-sdk:0.23.0-beta01] AndroidManifest.xml:49:21-62
47
48            <data android:path="tel:" />
48-->[com.google.android.libraries.ads.mobile.sdk:ads-mobile-sdk:0.23.0-beta01] AndroidManifest.xml:29:13-44
49        </intent>
50        <!-- End of MRAID capabilities -->
51    </queries>
52
53    <uses-permission android:name="android.permission.WAKE_LOCK" />
53-->[androidx.work:work-runtime:2.7.0] AndroidManifest.xml:25:5-68
53-->[androidx.work:work-runtime:2.7.0] AndroidManifest.xml:25:22-65
54    <uses-permission android:name="android.permission.FOREGROUND_SERVICE" />
54-->[androidx.work:work-runtime:2.7.0] AndroidManifest.xml:28:5-77
54-->[androidx.work:work-runtime:2.7.0] AndroidManifest.xml:28:22-74
55
56    <permission
56-->[androidx.core:core:1.15.0] AndroidManifest.xml:22:5-24:47
57        android:name="com.wiz.sice.DYNAMIC_RECEIVER_NOT_EXPORTED_PERMISSION"
57-->[androidx.core:core:1.15.0] AndroidManifest.xml:23:9-81
58        android:protectionLevel="signature" />
58-->[androidx.core:core:1.15.0] AndroidManifest.xml:24:9-44
59
60    <uses-permission android:name="com.wiz.sice.DYNAMIC_RECEIVER_NOT_EXPORTED_PERMISSION" />
60-->[androidx.core:core:1.15.0] AndroidManifest.xml:26:5-97
60-->[androidx.core:core:1.15.0] AndroidManifest.xml:26:22-94
61
62    <application
62-->src\main\AndroidManifest.xml:7:5-29:19
63        android:allowBackup="true"
63-->src\main\AndroidManifest.xml:10:9-35
64        android:appComponentFactory="androidx.core.app.CoreComponentFactory"
64-->[androidx.core:core:1.15.0] AndroidManifest.xml:28:18-86
65        android:dataExtractionRules="@xml/data_extraction_rules"
65-->src\main\AndroidManifest.xml:11:9-65
66        android:debuggable="true"
67        android:extractNativeLibs="false"
68        android:fullBackupContent="@xml/backup_rules"
68-->src\main\AndroidManifest.xml:12:9-54
69        android:icon="@mipmap/ic_launcher"
69-->src\main\AndroidManifest.xml:13:9-43
70        android:label="@string/app_name"
70-->src\main\AndroidManifest.xml:14:9-41
71        android:networkSecurityConfig="@xml/network_security_config"
71-->src\main\AndroidManifest.xml:8:9-69
72        android:roundIcon="@mipmap/ic_launcher_round"
72-->src\main\AndroidManifest.xml:15:9-54
73        android:supportsRtl="true"
73-->src\main\AndroidManifest.xml:16:9-35
74        android:testOnly="true"
75        android:theme="@style/Theme.Sice"
75-->src\main\AndroidManifest.xml:17:9-42
76        android:usesCleartextTraffic="true" >
76-->src\main\AndroidManifest.xml:9:9-44
77        <activity
77-->src\main\AndroidManifest.xml:18:9-28:20
78            android:name="com.wiz.sice.MainActivity"
78-->src\main\AndroidManifest.xml:19:13-41
79            android:exported="true"
79-->src\main\AndroidManifest.xml:20:13-36
80            android:label="@string/app_name"
80-->src\main\AndroidManifest.xml:21:13-45
81            android:theme="@style/Theme.Sice" >
81-->src\main\AndroidManifest.xml:22:13-46
82            <intent-filter>
82-->src\main\AndroidManifest.xml:23:13-27:29
83                <action android:name="android.intent.action.MAIN" />
83-->src\main\AndroidManifest.xml:24:17-69
83-->src\main\AndroidManifest.xml:24:25-66
84
85                <category android:name="android.intent.category.LAUNCHER" />
85-->src\main\AndroidManifest.xml:26:17-77
85-->src\main\AndroidManifest.xml:26:27-74
86            </intent-filter>
87        </activity>
88        <activity
88-->[com.google.android.libraries.ads.mobile.sdk:ads-mobile-sdk:0.23.0-beta01] AndroidManifest.xml:57:9-62:43
89            android:name="com.google.android.libraries.ads.mobile.sdk.common.AdActivity"
89-->[com.google.android.libraries.ads.mobile.sdk:ads-mobile-sdk:0.23.0-beta01] AndroidManifest.xml:58:13-89
90            android:configChanges="keyboard|keyboardHidden|orientation|screenLayout|uiMode|screenSize|smallestScreenSize"
90-->[com.google.android.libraries.ads.mobile.sdk:ads-mobile-sdk:0.23.0-beta01] AndroidManifest.xml:59:13-122
91            android:exported="false"
91-->[com.google.android.libraries.ads.mobile.sdk:ads-mobile-sdk:0.23.0-beta01] AndroidManifest.xml:60:13-37
92            android:theme="@android:style/Theme.Translucent" />
92-->[com.google.android.libraries.ads.mobile.sdk:ads-mobile-sdk:0.23.0-beta01] AndroidManifest.xml:61:13-61
93
94        <provider
94-->[androidx.work:work-runtime:2.7.0] AndroidManifest.xml:31:9-39:20
95            android:name="androidx.startup.InitializationProvider"
95-->[androidx.work:work-runtime:2.7.0] AndroidManifest.xml:32:13-67
96            android:authorities="com.wiz.sice.androidx-startup"
96-->[androidx.work:work-runtime:2.7.0] AndroidManifest.xml:33:13-68
97            android:exported="false" >
97-->[androidx.work:work-runtime:2.7.0] AndroidManifest.xml:34:13-37
98            <meta-data
98-->[androidx.work:work-runtime:2.7.0] AndroidManifest.xml:36:13-38:52
99                android:name="androidx.work.WorkManagerInitializer"
99-->[androidx.work:work-runtime:2.7.0] AndroidManifest.xml:37:17-68
100                android:value="androidx.startup" />
100-->[androidx.work:work-runtime:2.7.0] AndroidManifest.xml:38:17-49
101            <meta-data
101-->[androidx.emoji2:emoji2:1.3.0] AndroidManifest.xml:29:13-31:52
102                android:name="androidx.emoji2.text.EmojiCompatInitializer"
102-->[androidx.emoji2:emoji2:1.3.0] AndroidManifest.xml:30:17-75
103                android:value="androidx.startup" />
103-->[androidx.emoji2:emoji2:1.3.0] AndroidManifest.xml:31:17-49
104            <meta-data
104-->[androidx.lifecycle:lifecycle-process:2.8.7] AndroidManifest.xml:29:13-31:52
105                android:name="androidx.lifecycle.ProcessLifecycleInitializer"
105-->[androidx.lifecycle:lifecycle-process:2.8.7] AndroidManifest.xml:30:17-78
106                android:value="androidx.startup" />
106-->[androidx.lifecycle:lifecycle-process:2.8.7] AndroidManifest.xml:31:17-49
107            <meta-data
107-->[androidx.profileinstaller:profileinstaller:1.4.0] AndroidManifest.xml:29:13-31:52
108                android:name="androidx.profileinstaller.ProfileInstallerInitializer"
108-->[androidx.profileinstaller:profileinstaller:1.4.0] AndroidManifest.xml:30:17-85
109                android:value="androidx.startup" />
109-->[androidx.profileinstaller:profileinstaller:1.4.0] AndroidManifest.xml:31:17-49
110        </provider>
111
112        <service
112-->[androidx.work:work-runtime:2.7.0] AndroidManifest.xml:41:9-46:35
113            android:name="androidx.work.impl.background.systemalarm.SystemAlarmService"
113-->[androidx.work:work-runtime:2.7.0] AndroidManifest.xml:42:13-88
114            android:directBootAware="false"
114-->[androidx.work:work-runtime:2.7.0] AndroidManifest.xml:43:13-44
115            android:enabled="@bool/enable_system_alarm_service_default"
115-->[androidx.work:work-runtime:2.7.0] AndroidManifest.xml:44:13-72
116            android:exported="false" />
116-->[androidx.work:work-runtime:2.7.0] AndroidManifest.xml:45:13-37
117        <service
117-->[androidx.work:work-runtime:2.7.0] AndroidManifest.xml:47:9-53:35
118            android:name="androidx.work.impl.background.systemjob.SystemJobService"
118-->[androidx.work:work-runtime:2.7.0] AndroidManifest.xml:48:13-84
119            android:directBootAware="false"
119-->[androidx.work:work-runtime:2.7.0] AndroidManifest.xml:49:13-44
120            android:enabled="@bool/enable_system_job_service_default"
120-->[androidx.work:work-runtime:2.7.0] AndroidManifest.xml:50:13-70
121            android:exported="true"
121-->[androidx.work:work-runtime:2.7.0] AndroidManifest.xml:51:13-36
122            android:permission="android.permission.BIND_JOB_SERVICE" />
122-->[androidx.work:work-runtime:2.7.0] AndroidManifest.xml:52:13-69
123        <service
123-->[androidx.work:work-runtime:2.7.0] AndroidManifest.xml:54:9-59:35
124            android:name="androidx.work.impl.foreground.SystemForegroundService"
124-->[androidx.work:work-runtime:2.7.0] AndroidManifest.xml:55:13-81
125            android:directBootAware="false"
125-->[androidx.work:work-runtime:2.7.0] AndroidManifest.xml:56:13-44
126            android:enabled="@bool/enable_system_foreground_service_default"
126-->[androidx.work:work-runtime:2.7.0] AndroidManifest.xml:57:13-77
127            android:exported="false" />
127-->[androidx.work:work-runtime:2.7.0] AndroidManifest.xml:58:13-37
128
129        <receiver
129-->[androidx.work:work-runtime:2.7.0] AndroidManifest.xml:61:9-66:35
130            android:name="androidx.work.impl.utils.ForceStopRunnable$BroadcastReceiver"
130-->[androidx.work:work-runtime:2.7.0] AndroidManifest.xml:62:13-88
131            android:directBootAware="false"
131-->[androidx.work:work-runtime:2.7.0] AndroidManifest.xml:63:13-44
132            android:enabled="true"
132-->[androidx.work:work-runtime:2.7.0] AndroidManifest.xml:64:13-35
133            android:exported="false" />
133-->[androidx.work:work-runtime:2.7.0] AndroidManifest.xml:65:13-37
134        <receiver
134-->[androidx.work:work-runtime:2.7.0] AndroidManifest.xml:67:9-77:20
135            android:name="androidx.work.impl.background.systemalarm.ConstraintProxy$BatteryChargingProxy"
135-->[androidx.work:work-runtime:2.7.0] AndroidManifest.xml:68:13-106
136            android:directBootAware="false"
136-->[androidx.work:work-runtime:2.7.0] AndroidManifest.xml:69:13-44
137            android:enabled="false"
137-->[androidx.work:work-runtime:2.7.0] AndroidManifest.xml:70:13-36
138            android:exported="false" >
138-->[androidx.work:work-runtime:2.7.0] AndroidManifest.xml:71:13-37
139            <intent-filter>
139-->[androidx.work:work-runtime:2.7.0] AndroidManifest.xml:73:13-76:29
140                <action android:name="android.intent.action.ACTION_POWER_CONNECTED" />
140-->[androidx.work:work-runtime:2.7.0] AndroidManifest.xml:74:17-87
140-->[androidx.work:work-runtime:2.7.0] AndroidManifest.xml:74:25-84
141                <action android:name="android.intent.action.ACTION_POWER_DISCONNECTED" />
141-->[androidx.work:work-runtime:2.7.0] AndroidManifest.xml:75:17-90
141-->[androidx.work:work-runtime:2.7.0] AndroidManifest.xml:75:25-87
142            </intent-filter>
143        </receiver>
144        <receiver
144-->[androidx.work:work-runtime:2.7.0] AndroidManifest.xml:78:9-88:20
145            android:name="androidx.work.impl.background.systemalarm.ConstraintProxy$BatteryNotLowProxy"
145-->[androidx.work:work-runtime:2.7.0] AndroidManifest.xml:79:13-104
146            android:directBootAware="false"
146-->[androidx.work:work-runtime:2.7.0] AndroidManifest.xml:80:13-44
147            android:enabled="false"
147-->[androidx.work:work-runtime:2.7.0] AndroidManifest.xml:81:13-36
148            android:exported="false" >
148-->[androidx.work:work-runtime:2.7.0] AndroidManifest.xml:82:13-37
149            <intent-filter>
149-->[androidx.work:work-runtime:2.7.0] AndroidManifest.xml:84:13-87:29
150                <action android:name="android.intent.action.BATTERY_OKAY" />
150-->[androidx.work:work-runtime:2.7.0] AndroidManifest.xml:85:17-77
150-->[androidx.work:work-runtime:2.7.0] AndroidManifest.xml:85:25-74
151                <action android:name="android.intent.action.BATTERY_LOW" />
151-->[androidx.work:work-runtime:2.7.0] AndroidManifest.xml:86:17-76
151-->[androidx.work:work-runtime:2.7.0] AndroidManifest.xml:86:25-73
152            </intent-filter>
153        </receiver>
154        <receiver
154-->[androidx.work:work-runtime:2.7.0] AndroidManifest.xml:89:9-99:20
155            android:name="androidx.work.impl.background.systemalarm.ConstraintProxy$StorageNotLowProxy"
155-->[androidx.work:work-runtime:2.7.0] AndroidManifest.xml:90:13-104
156            android:directBootAware="false"
156-->[androidx.work:work-runtime:2.7.0] AndroidManifest.xml:91:13-44
157            android:enabled="false"
157-->[androidx.work:work-runtime:2.7.0] AndroidManifest.xml:92:13-36
158            android:exported="false" >
158-->[androidx.work:work-runtime:2.7.0] AndroidManifest.xml:93:13-37
159            <intent-filter>
159-->[androidx.work:work-runtime:2.7.0] AndroidManifest.xml:95:13-98:29
160                <action android:name="android.intent.action.DEVICE_STORAGE_LOW" />
160-->[androidx.work:work-runtime:2.7.0] AndroidManifest.xml:96:17-83
160-->[androidx.work:work-runtime:2.7.0] AndroidManifest.xml:96:25-80
161                <action android:name="android.intent.action.DEVICE_STORAGE_OK" />
161-->[androidx.work:work-runtime:2.7.0] AndroidManifest.xml:97:17-82
161-->[androidx.work:work-runtime:2.7.0] AndroidManifest.xml:97:25-79
162            </intent-filter>
163        </receiver>
164        <receiver
164-->[androidx.work:work-runtime:2.7.0] AndroidManifest.xml:100:9-109:20
165            android:name="androidx.work.impl.background.systemalarm.ConstraintProxy$NetworkStateProxy"
165-->[androidx.work:work-runtime:2.7.0] AndroidManifest.xml:101:13-103
166            android:directBootAware="false"
166-->[androidx.work:work-runtime:2.7.0] AndroidManifest.xml:102:13-44
167            android:enabled="false"
167-->[androidx.work:work-runtime:2.7.0] AndroidManifest.xml:103:13-36
168            android:exported="false" >
168-->[androidx.work:work-runtime:2.7.0] AndroidManifest.xml:104:13-37
169            <intent-filter>
169-->[androidx.work:work-runtime:2.7.0] AndroidManifest.xml:106:13-108:29
170                <action android:name="android.net.conn.CONNECTIVITY_CHANGE" />
170-->[androidx.work:work-runtime:2.7.0] AndroidManifest.xml:107:17-79
170-->[androidx.work:work-runtime:2.7.0] AndroidManifest.xml:107:25-76
171            </intent-filter>
172        </receiver>
173        <receiver
173-->[androidx.work:work-runtime:2.7.0] AndroidManifest.xml:110:9-121:20
174            android:name="androidx.work.impl.background.systemalarm.RescheduleReceiver"
174-->[androidx.work:work-runtime:2.7.0] AndroidManifest.xml:111:13-88
175            android:directBootAware="false"
175-->[androidx.work:work-runtime:2.7.0] AndroidManifest.xml:112:13-44
176            android:enabled="false"
176-->[androidx.work:work-runtime:2.7.0] AndroidManifest.xml:113:13-36
177            android:exported="false" >
177-->[androidx.work:work-runtime:2.7.0] AndroidManifest.xml:114:13-37
178            <intent-filter>
178-->[androidx.work:work-runtime:2.7.0] AndroidManifest.xml:116:13-120:29
179                <action android:name="android.intent.action.BOOT_COMPLETED" />
179-->[androidx.work:work-runtime:2.7.0] AndroidManifest.xml:117:17-79
179-->[androidx.work:work-runtime:2.7.0] AndroidManifest.xml:117:25-76
180                <action android:name="android.intent.action.TIME_SET" />
180-->[androidx.work:work-runtime:2.7.0] AndroidManifest.xml:118:17-73
180-->[androidx.work:work-runtime:2.7.0] AndroidManifest.xml:118:25-70
181                <action android:name="android.intent.action.TIMEZONE_CHANGED" />
181-->[androidx.work:work-runtime:2.7.0] AndroidManifest.xml:119:17-81
181-->[androidx.work:work-runtime:2.7.0] AndroidManifest.xml:119:25-78
182            </intent-filter>
183        </receiver>
184        <receiver
184-->[androidx.work:work-runtime:2.7.0] AndroidManifest.xml:122:9-131:20
185            android:name="androidx.work.impl.background.systemalarm.ConstraintProxyUpdateReceiver"
185-->[androidx.work:work-runtime:2.7.0] AndroidManifest.xml:123:13-99
186            android:directBootAware="false"
186-->[androidx.work:work-runtime:2.7.0] AndroidManifest.xml:124:13-44
187            android:enabled="@bool/enable_system_alarm_service_default"
187-->[androidx.work:work-runtime:2.7.0] AndroidManifest.xml:125:13-72
188            android:exported="false" >
188-->[androidx.work:work-runtime:2.7.0] AndroidManifest.xml:126:13-37
189            <intent-filter>
189-->[androidx.work:work-runtime:2.7.0] AndroidManifest.xml:128:13-130:29
190                <action android:name="androidx.work.impl.background.systemalarm.UpdateProxies" />
190-->[androidx.work:work-runtime:2.7.0] AndroidManifest.xml:129:17-98
190-->[androidx.work:work-runtime:2.7.0] AndroidManifest.xml:129:25-95
191            </intent-filter>
192        </receiver>
193        <receiver
193-->[androidx.work:work-runtime:2.7.0] AndroidManifest.xml:132:9-142:20
194            android:name="androidx.work.impl.diagnostics.DiagnosticsReceiver"
194-->[androidx.work:work-runtime:2.7.0] AndroidManifest.xml:133:13-78
195            android:directBootAware="false"
195-->[androidx.work:work-runtime:2.7.0] AndroidManifest.xml:134:13-44
196            android:enabled="true"
196-->[androidx.work:work-runtime:2.7.0] AndroidManifest.xml:135:13-35
197            android:exported="true"
197-->[androidx.work:work-runtime:2.7.0] AndroidManifest.xml:136:13-36
198            android:permission="android.permission.DUMP" >
198-->[androidx.work:work-runtime:2.7.0] AndroidManifest.xml:137:13-57
199            <intent-filter>
199-->[androidx.work:work-runtime:2.7.0] AndroidManifest.xml:139:13-141:29
200                <action android:name="androidx.work.diagnostics.REQUEST_DIAGNOSTICS" />
200-->[androidx.work:work-runtime:2.7.0] AndroidManifest.xml:140:17-88
200-->[androidx.work:work-runtime:2.7.0] AndroidManifest.xml:140:25-85
201            </intent-filter>
202        </receiver>
203
204        <activity
204-->[com.google.android.gms:play-services-base:18.0.1] AndroidManifest.xml:20:9-22:45
205            android:name="com.google.android.gms.common.api.GoogleApiActivity"
205-->[com.google.android.gms:play-services-base:18.0.1] AndroidManifest.xml:20:19-85
206            android:exported="false"
206-->[com.google.android.gms:play-services-base:18.0.1] AndroidManifest.xml:22:19-43
207            android:theme="@android:style/Theme.Translucent.NoTitleBar" />
207-->[com.google.android.gms:play-services-base:18.0.1] AndroidManifest.xml:21:19-78
208
209        <meta-data
209-->[com.google.android.gms:play-services-basement:18.9.0] AndroidManifest.xml:21:9-23:69
210            android:name="com.google.android.gms.version"
210-->[com.google.android.gms:play-services-basement:18.9.0] AndroidManifest.xml:22:13-58
211            android:value="@integer/google_play_services_version" />
211-->[com.google.android.gms:play-services-basement:18.9.0] AndroidManifest.xml:23:13-66
212
213        <activity
213-->[androidx.compose.ui:ui-tooling-android:1.7.6] AndroidManifest.xml:23:9-25:39
214            android:name="androidx.compose.ui.tooling.PreviewActivity"
214-->[androidx.compose.ui:ui-tooling-android:1.7.6] AndroidManifest.xml:24:13-71
215            android:exported="true" />
215-->[androidx.compose.ui:ui-tooling-android:1.7.6] AndroidManifest.xml:25:13-36
216        <activity
216-->[androidx.compose.ui:ui-test-manifest:1.7.6] AndroidManifest.xml:23:9-25:39
217            android:name="androidx.activity.ComponentActivity"
217-->[androidx.compose.ui:ui-test-manifest:1.7.6] AndroidManifest.xml:24:13-63
218            android:exported="true" />
218-->[androidx.compose.ui:ui-test-manifest:1.7.6] AndroidManifest.xml:25:13-36
219
220        <uses-library
220-->[androidx.privacysandbox.ads:ads-adservices:1.1.0-beta05] AndroidManifest.xml:23:9-25:40
221            android:name="android.ext.adservices"
221-->[androidx.privacysandbox.ads:ads-adservices:1.1.0-beta05] AndroidManifest.xml:24:13-50
222            android:required="false" />
222-->[androidx.privacysandbox.ads:ads-adservices:1.1.0-beta05] AndroidManifest.xml:25:13-37
223
224        <receiver
224-->[androidx.profileinstaller:profileinstaller:1.4.0] AndroidManifest.xml:34:9-52:20
225            android:name="androidx.profileinstaller.ProfileInstallReceiver"
225-->[androidx.profileinstaller:profileinstaller:1.4.0] AndroidManifest.xml:35:13-76
226            android:directBootAware="false"
226-->[androidx.profileinstaller:profileinstaller:1.4.0] AndroidManifest.xml:36:13-44
227            android:enabled="true"
227-->[androidx.profileinstaller:profileinstaller:1.4.0] AndroidManifest.xml:37:13-35
228            android:exported="true"
228-->[androidx.profileinstaller:profileinstaller:1.4.0] AndroidManifest.xml:38:13-36
229            android:permission="android.permission.DUMP" >
229-->[androidx.profileinstaller:profileinstaller:1.4.0] AndroidManifest.xml:39:13-57
230            <intent-filter>
230-->[androidx.profileinstaller:profileinstaller:1.4.0] AndroidManifest.xml:40:13-42:29
231                <action android:name="androidx.profileinstaller.action.INSTALL_PROFILE" />
231-->[androidx.profileinstaller:profileinstaller:1.4.0] AndroidManifest.xml:41:17-91
231-->[androidx.profileinstaller:profileinstaller:1.4.0] AndroidManifest.xml:41:25-88
232            </intent-filter>
233            <intent-filter>
233-->[androidx.profileinstaller:profileinstaller:1.4.0] AndroidManifest.xml:43:13-45:29
234                <action android:name="androidx.profileinstaller.action.SKIP_FILE" />
234-->[androidx.profileinstaller:profileinstaller:1.4.0] AndroidManifest.xml:44:17-85
234-->[androidx.profileinstaller:profileinstaller:1.4.0] AndroidManifest.xml:44:25-82
235            </intent-filter>
236            <intent-filter>
236-->[androidx.profileinstaller:profileinstaller:1.4.0] AndroidManifest.xml:46:13-48:29
237                <action android:name="androidx.profileinstaller.action.SAVE_PROFILE" />
237-->[androidx.profileinstaller:profileinstaller:1.4.0] AndroidManifest.xml:47:17-88
237-->[androidx.profileinstaller:profileinstaller:1.4.0] AndroidManifest.xml:47:25-85
238            </intent-filter>
239            <intent-filter>
239-->[androidx.profileinstaller:profileinstaller:1.4.0] AndroidManifest.xml:49:13-51:29
240                <action android:name="androidx.profileinstaller.action.BENCHMARK_OPERATION" />
240-->[androidx.profileinstaller:profileinstaller:1.4.0] AndroidManifest.xml:50:17-95
240-->[androidx.profileinstaller:profileinstaller:1.4.0] AndroidManifest.xml:50:25-92
241            </intent-filter>
242        </receiver>
243
244        <service
244-->[androidx.room:room-runtime:2.2.5] AndroidManifest.xml:25:9-28:40
245            android:name="androidx.room.MultiInstanceInvalidationService"
245-->[androidx.room:room-runtime:2.2.5] AndroidManifest.xml:26:13-74
246            android:directBootAware="true"
246-->[androidx.room:room-runtime:2.2.5] AndroidManifest.xml:27:13-43
247            android:exported="false" />
247-->[androidx.room:room-runtime:2.2.5] AndroidManifest.xml:28:13-37
248    </application>
249
250</manifest>